c:\users\egor\desktop\projects\uni projects\year 3\computing project\playinggod\playinggod\x64\release\vc140.pdb
c:\users\egor\desktop\projects\uni projects\year 3\computing project\playinggod\playinggod\x64\release\worldreader.obj
c:\users\egor\desktop\projects\uni projects\year 3\computing project\playinggod\playinggod\x64\release\worldgen.obj
c:\users\egor\desktop\projects\uni projects\year 3\computing project\playinggod\playinggod\x64\release\texture.obj
c:\users\egor\desktop\projects\uni projects\year 3\computing project\playinggod\playinggod\x64\release\world.obj
c:\users\egor\desktop\projects\uni projects\year 3\computing project\playinggod\playinggod\x64\release\textureloader.obj
c:\users\egor\desktop\projects\uni projects\year 3\computing project\playinggod\playinggod\x64\release\textbox.obj
c:\users\egor\desktop\projects\uni projects\year 3\computing project\playinggod\playinggod\x64\release\scenereader.obj
c:\users\egor\desktop\projects\uni projects\year 3\computing project\playinggod\playinggod\x64\release\modelreader.obj
c:\users\egor\desktop\projects\uni projects\year 3\computing project\playinggod\playinggod\x64\release\model.obj
c:\users\egor\desktop\projects\uni projects\year 3\computing project\playinggod\playinggod\x64\release\mainmenu.obj
c:\users\egor\desktop\projects\uni projects\year 3\computing project\playinggod\playinggod\x64\release\gl_core_4_3.obj
c:\users\egor\desktop\projects\uni projects\year 3\computing project\playinggod\playinggod\x64\release\generationmenu.obj
c:\users\egor\desktop\projects\uni projects\year 3\computing project\playinggod\playinggod\x64\release\dropdown.obj
c:\users\egor\desktop\projects\uni projects\year 3\computing project\playinggod\playinggod\x64\release\camera.obj
c:\users\egor\desktop\projects\uni projects\year 3\computing project\playinggod\playinggod\x64\release\button.obj
c:\users\egor\desktop\projects\uni projects\year 3\computing project\playinggod\playinggod\x64\release\bitmap.obj
c:\users\egor\desktop\projects\uni projects\year 3\computing project\playinggod\playinggod\x64\release\abstractmenu.obj
c:\users\egor\desktop\projects\uni projects\year 3\computing project\playinggod\playinggod\x64\release\tinyxml2.obj
c:\users\egor\desktop\projects\uni projects\year 3\computing project\playinggod\playinggod\x64\release\main.obj
c:\users\egor\desktop\projects\uni projects\year 3\computing project\playinggod\x64\release\playinggod.exe
c:\users\egor\desktop\projects\uni projects\year 3\computing project\playinggod\x64\release\playinggod.ipdb
c:\users\egor\desktop\projects\uni projects\year 3\computing project\playinggod\x64\release\playinggod.iobj
c:\users\egor\desktop\projects\uni projects\year 3\computing project\playinggod\x64\release\playinggod.pdb
c:\users\egor\desktop\projects\uni projects\year 3\computing project\playinggod\playinggod\x64\release\playinggod.tlog\cl.command.1.tlog
c:\users\egor\desktop\projects\uni projects\year 3\computing project\playinggod\playinggod\x64\release\playinggod.tlog\cl.read.1.tlog
c:\users\egor\desktop\projects\uni projects\year 3\computing project\playinggod\playinggod\x64\release\playinggod.tlog\cl.write.1.tlog
c:\users\egor\desktop\projects\uni projects\year 3\computing project\playinggod\playinggod\x64\release\playinggod.tlog\link.command.1.tlog
c:\users\egor\desktop\projects\uni projects\year 3\computing project\playinggod\playinggod\x64\release\playinggod.tlog\link.read.1.tlog
c:\users\egor\desktop\projects\uni projects\year 3\computing project\playinggod\playinggod\x64\release\playinggod.tlog\link.write.1.tlog
