  Texture.cpp
  World.cpp
c:\users\egor\desktop\projects\uni projects\year 3\computing project\playinggod\playinggod\src\world.cpp(244): warning C4267: 'argument': conversion from 'size_t' to 'GLsizei', possible loss of data
  GLM: perspective function taking degrees as a parameter is deprecated. #define GLM_FORCE_RADIANS before including GLM headers to remove this message.
  TextureLoader.cpp
  SceneReader.cpp
c:\users\egor\desktop\projects\uni projects\year 3\computing project\playinggod\playinggod\src\scenereader.cpp(95): warning C4244: 'argument': conversion from 'float' to 'int', possible loss of data
  ModelReader.cpp
  Model.cpp
  MainMenu.cpp
c:\users\egor\desktop\projects\uni projects\year 3\computing project\playinggod\playinggod\src\mainmenu.cpp(42): warning C4244: 'argument': conversion from 'int' to 'float', possible loss of data
c:\users\egor\desktop\projects\uni projects\year 3\computing project\playinggod\playinggod\src\mainmenu.cpp(44): warning C4244: 'argument': conversion from 'int' to 'float', possible loss of data
c:\users\egor\desktop\projects\uni projects\year 3\computing project\playinggod\playinggod\src\mainmenu.cpp(46): warning C4244: 'argument': conversion from 'int' to 'float', possible loss of data
  main.cpp
c:\users\egor\desktop\projects\uni projects\year 3\computing project\playinggod\playinggod\src\main.cpp(64): warning C4244: 'argument': conversion from 'double' to 'int', possible loss of data
c:\users\egor\desktop\projects\uni projects\year 3\computing project\playinggod\playinggod\src\main.cpp(102): warning C4244: '*=': conversion from 'double' to 'int', possible loss of data
c:\users\egor\desktop\projects\uni projects\year 3\computing project\playinggod\playinggod\src\main.cpp(103): warning C4244: '*=': conversion from 'double' to 'int', possible loss of data
c:\users\egor\desktop\projects\uni projects\year 3\computing project\playinggod\playinggod\src\main.cpp(154): warning C4244: 'argument': conversion from 'double' to 'int', possible loss of data
  gl_core_4_3.cpp
  Camera.cpp
  Button.cpp
  Bitmap.cpp
  AbstractMenu.cpp
  Generating Code...
  PlayingGod.vcxproj -> C:\Users\egor\Desktop\Projects\Uni Projects\Year 3\Computing Project\PlayingGod\x64\Debug\PlayingGod.exe
  PlayingGod.vcxproj -> C:\Users\egor\Desktop\Projects\Uni Projects\Year 3\Computing Project\PlayingGod\x64\Debug\PlayingGod.pdb (Partial PDB)
